ASSERTION	AAECAAMFAAAAAAAAAFlA
RUN	ai.cyr3con.gargoyl3.gatling.simulations.VulnerabilitiesSimulation	vulnerabilitiessimulation	1646738112385	 	3.3.1
USER	get rankings historical search (from Mongo)	2	START	1646738113977	1646738113977
USER	get rankings historical search (from Mongo)	1	START	1646738113977	1646738113977
USER	get rankings historical search (from Mongo)	5	START	1646738113982	1646738113982
USER	get rankings historical search (from Mongo)	4	START	1646738113979	1646738113979
USER	get rankings historical search (from Mongo)	3	START	1646738113977	1646738113977
USER	get rankings historical search (from ES)	6	START	1646738114000	1646738114000
USER	get rankings historical search (from ES)	7	START	1646738114001	1646738114001
USER	get rankings historical search (from ES)	9	START	1646738114002	1646738114002
USER	get rankings historical search (from ES)	8	START	1646738114002	1646738114002
USER	get rankings historical search (from ES)	10	START	1646738114003	1646738114003
USER	get info details	12	START	1646738114003	1646738114003
USER	get info details	13	START	1646738114004	1646738114004
USER	get info details	11	START	1646738114003	1646738114003
USER	get info details	15	START	1646738114005	1646738114005
USER	get info details	14	START	1646738114005	1646738114005
USER	get info details	16	START	1646738114014	1646738114014
USER	get info details	17	START	1646738114023	1646738114023
USER	get info details	18	START	1646738114023	1646738114023
USER	get info details	20	START	1646738114025	1646738114025
USER	get vulnerabilities info (authorized, from Mongo)	21	START	1646738114026	1646738114026
USER	get vulnerabilities info (authorized, from Mongo)	22	START	1646738114027	1646738114027
USER	get vulnerabilities info (authorized, from Mongo)	23	START	1646738114028	1646738114028
USER	get vulnerabilities info (authorized, from Mongo)	24	START	1646738114029	1646738114029
USER	get vulnerabilities info (authorized, from Mongo)	25	START	1646738114029	1646738114029
USER	get CVE metadata	28	START	1646738114029	1646738114029
USER	get CVE metadata	29	START	1646738114029	1646738114029
USER	get CVE metadata	30	START	1646738114030	1646738114030
USER	get CVE metadata	27	START	1646738114029	1646738114029
USER	get CVE metadata	31	START	1646738114030	1646738114030
USER	get CVE metadata	32	START	1646738114030	1646738114030
USER	get CVE metadata	33	START	1646738114030	1646738114030
USER	get CVE metadata	35	START	1646738114030	1646738114030
USER	get CVE metadata	34	START	1646738114030	1646738114030
USER	get CVE metadata	36	START	1646738114031	1646738114031
USER	get CVEs by CyRating	37	START	1646738114031	1646738114031
USER	get CVEs by CyRating	38	START	1646738114031	1646738114031
USER	get CVEs by CyRating	39	START	1646738114031	1646738114031
USER	get info details	19	START	1646738114024	1646738114024
USER	get CVEs by CyRating	40	START	1646738114031	1646738114031
USER	get CVEs by CyRating	41	START	1646738114032	1646738114032
USER	get CVEs by CyRating	42	START	1646738114032	1646738114032
USER	get CVEs by CyRating	44	START	1646738114032	1646738114032
USER	get CVEs by CyRating	43	START	1646738114032	1646738114032
USER	get CVEs by CyRating	45	START	1646738114032	1646738114032
USER	get rankings top	47	START	1646738114032	1646738114032
USER	get CVEs by CyRating	46	START	1646738114032	1646738114032
USER	get rankings top	48	START	1646738114033	1646738114033
USER	get rankings top	49	START	1646738114033	1646738114033
USER	get rankings top	50	START	1646738114033	1646738114033
USER	get rankings top	51	START	1646738114033	1646738114033
USER	get rankings top	52	START	1646738114033	1646738114033
USER	get rankings top	53	START	1646738114034	1646738114034
USER	get rankings top	54	START	1646738114034	1646738114034
USER	get rankings top	55	START	1646738114034	1646738114034
USER	get rankings top	56	START	1646738114034	1646738114034
USER	get rankings CVE timeline	57	START	1646738114034	1646738114034
USER	get rankings CVE timeline	59	START	1646738114034	1646738114034
USER	get rankings CVE timeline	60	START	1646738114034	1646738114034
USER	get rankings CVE timeline	61	START	1646738114035	1646738114035
USER	get rankings CVE timeline	62	START	1646738114035	1646738114035
USER	get rankings CVE timeline	63	START	1646738114035	1646738114035
USER	get rankings CVE timeline	64	START	1646738114035	1646738114035
USER	get rankings CVE timeline	65	START	1646738114036	1646738114036
USER	get rankings CVE timeline	66	START	1646738114036	1646738114036
USER	get random vulnerabilities info (from Mongo)	67	START	1646738114036	1646738114036
USER	get random vulnerabilities info (from Mongo)	68	START	1646738114036	1646738114036
USER	get random vulnerabilities info (from Mongo)	69	START	1646738114037	1646738114037
USER	get random vulnerabilities info (from Mongo)	70	START	1646738114037	1646738114037
USER	get random vulnerabilities info (from Mongo)	71	START	1646738114037	1646738114037
USER	get random vulnerabilities info (from Mongo)	72	START	1646738114052	1646738114052
USER	get random vulnerabilities info (from Mongo)	73	START	1646738114052	1646738114052
USER	get random vulnerabilities info (from Mongo)	74	START	1646738114053	1646738114053
USER	get random vulnerabilities info (from Mongo)	75	START	1646738114053	1646738114053
USER	get random vulnerabilities info (from Mongo)	76	START	1646738114053	1646738114053
USER	get rankings CVE timeline	58	START	1646738114034	1646738114034
USER	get rankings low base score	78	START	1646738114067	1646738114067
USER	get rankings low base score	79	START	1646738114093	1646738114093
USER	get rankings low base score	80	START	1646738114093	1646738114093
USER	get rankings low base score	82	START	1646738114095	1646738114095
USER	get rankings low base score	83	START	1646738114096	1646738114096
USER	get rankings low base score	84	START	1646738114096	1646738114096
USER	get rankings low base score	85	START	1646738114097	1646738114097
USER	get rankings low base score	86	START	1646738114097	1646738114097
USER	get rankings low base score	87	START	1646738114097	1646738114097
USER	get vulnerabilities info (authorized, from ES)	88	START	1646738114097	1646738114097
USER	get vulnerabilities info (authorized, from ES)	89	START	1646738114098	1646738114098
USER	get vulnerabilities info (authorized, from ES)	90	START	1646738114098	1646738114098
USER	get vulnerabilities info (authorized, from ES)	92	START	1646738114098	1646738114098
USER	get vulnerabilities info (authorized, from ES)	91	START	1646738114098	1646738114098
USER	get vulnerabilities statistics	93	START	1646738114099	1646738114099
USER	get vulnerabilities statistics	94	START	1646738114099	1646738114099
USER	get vulnerabilities statistics	95	START	1646738114099	1646738114099
USER	get vulnerabilities statistics	96	START	1646738114099	1646738114099
USER	get vulnerabilities statistics	97	START	1646738114099	1646738114099
USER	get vulnerabilities statistics	99	START	1646738114106	1646738114106
USER	get vulnerabilities statistics	100	START	1646738114107	1646738114107
USER	get vulnerabilities statistics	101	START	1646738114107	1646738114107
USER	get vulnerabilities statistics	102	START	1646738114108	1646738114108
USER	get vulnerabilities essentials (authorized)	103	START	1646738114108	1646738114108
USER	get vulnerabilities info (unauthorized)	77	START	1646738114053	1646738114053
USER	get vulnerabilities essentials (authorized)	104	START	1646738114108	1646738114108
USER	get vulnerabilities essentials (authorized)	105	START	1646738114109	1646738114109
USER	get vulnerabilities essentials (authorized)	106	START	1646738114109	1646738114109
USER	get vulnerabilities essentials (unauthorized)	26	START	1646738114029	1646738114029
USER	get rankings low base score	81	START	1646738114095	1646738114095
USER	get vulnerabilities essentials (authorized)	109	START	1646738114113	1646738114113
USER	get vulnerabilities essentials (authorized)	107	START	1646738114109	1646738114109
USER	get vulnerabilities essentials (authorized)	110	START	1646738114114	1646738114114
USER	get vulnerabilities essentials (authorized)	112	START	1646738114114	1646738114114
USER	get vulnerabilities essentials (authorized)	111	START	1646738114114	1646738114114
USER	get rankings recent	113	START	1646738114114	1646738114114
USER	get rankings recent	114	START	1646738114114	1646738114114
USER	get rankings recent	115	START	1646738114114	1646738114114
USER	get rankings recent	116	START	1646738114115	1646738114115
USER	get rankings recent	118	START	1646738114115	1646738114115
USER	get rankings recent	117	START	1646738114115	1646738114115
USER	get rankings recent	119	START	1646738114115	1646738114115
USER	get rankings recent	120	START	1646738114116	1646738114116
USER	get rankings recent	121	START	1646738114116	1646738114116
USER	get rankings recent	122	START	1646738114116	1646738114116
USER	get random vulnerabilities info (from ES)	123	START	1646738114117	1646738114117
USER	get random vulnerabilities info (from ES)	124	START	1646738114119	1646738114119
USER	get vulnerabilities statistics	98	START	1646738114099	1646738114099
USER	get random vulnerabilities info (from ES)	126	START	1646738114120	1646738114120
USER	get random vulnerabilities info (from ES)	127	START	1646738114120	1646738114120
USER	get vulnerabilities essentials (authorized)	108	START	1646738114113	1646738114113
USER	get random vulnerabilities info (from ES)	130	START	1646738114121	1646738114121
USER	get random vulnerabilities info (from ES)	128	START	1646738114120	1646738114120
USER	get random vulnerabilities info (from ES)	129	START	1646738114120	1646738114120
USER	get random vulnerabilities info (from ES)	132	START	1646738114121	1646738114121
USER	get random vulnerabilities info (from ES)	125	START	1646738114120	1646738114120
USER	get random vulnerabilities info (from ES)	131	START	1646738114121	1646738114121
REQUEST	26		vulnerability essentials	1646738114110	1646738114549	OK	 
USER	get vulnerabilities essentials (unauthorized)	26	END	1646738114029	1646738114596
REQUEST	77		info	1646738114108	1646738114698	OK	 
USER	get vulnerabilities info (unauthorized)	77	END	1646738114053	1646738114704
REQUEST	27		cve metadata	1646738114135	1646738114605	OK	 
USER	get CVE metadata	27	END	1646738114029	1646738114753
REQUEST	12		info details	1646738114088	1646738114620	OK	 
USER	get info details	12	END	1646738114003	1646738114771
REQUEST	28		cve metadata	1646738114134	1646738114773	OK	 
USER	get CVE metadata	28	END	1646738114029	1646738114780
REQUEST	15		info details	1646738114138	1646738114754	OK	 
USER	get info details	15	END	1646738114005	1646738114793
REQUEST	33		cve metadata	1646738114137	1646738114805	OK	 
USER	get CVE metadata	33	END	1646738114030	1646738114815
REQUEST	60		rankings - CVE timeline	1646738114151	1646738114783	OK	 
USER	get rankings CVE timeline	60	END	1646738114034	1646738114823
REQUEST	57		rankings - CVE timeline	1646738114140	1646738114816	OK	 
USER	get rankings CVE timeline	57	END	1646738114034	1646738114834
REQUEST	31		cve metadata	1646738114136	1646738114835	OK	 
USER	get CVE metadata	31	END	1646738114030	1646738114874
REQUEST	36		cve metadata	1646738114194	1646738114884	OK	 
USER	get CVE metadata	36	END	1646738114031	1646738114904
REQUEST	10		vr historical search (ES)	1646738114095	1646738114846	OK	 
USER	get rankings historical search (from ES)	10	END	1646738114003	1646738115074
REQUEST	4		vr historical search (Mongo)	1646738114092	1646738114930	OK	 
USER	get rankings historical search (from Mongo)	4	END	1646738113979	1646738115086
REQUEST	23		info (Mongo)	1646738114105	1646738115157	OK	 
USER	get vulnerabilities info (authorized, from Mongo)	23	END	1646738114028	1646738115171
REQUEST	13		info details	1646738114090	1646738115153	OK	 
USER	get info details	13	END	1646738114004	1646738115178
REQUEST	127		info (ES)	1646738114226	1646738115184	OK	 
USER	get random vulnerabilities info (from ES)	127	END	1646738114120	1646738115200
REQUEST	11		info details	1646738114091	1646738115201	OK	 
USER	get info details	11	END	1646738114003	1646738115211
REQUEST	21		info (Mongo)	1646738114087	1646738115184	OK	 
REQUEST	19		info details	1646738114140	1646738115212	OK	 
USER	get vulnerabilities info (authorized, from Mongo)	21	END	1646738114026	1646738115230
USER	get info details	19	END	1646738114024	1646738115233
REQUEST	2		vr historical search (Mongo)	1646738114091	1646738115111	OK	 
USER	get rankings historical search (from Mongo)	2	END	1646738113977	1646738115276
REQUEST	8		vr historical search (ES)	1646738114095	1646738115150	OK	 
USER	get rankings historical search (from ES)	8	END	1646738114002	1646738115419
REQUEST	32		cve metadata	1646738114136	1646738115423	OK	 
USER	get CVE metadata	32	END	1646738114030	1646738115435
REQUEST	3		vr historical search (Mongo)	1646738114093	1646738115233	OK	 
USER	get rankings historical search (from Mongo)	3	END	1646738113977	1646738115471
REQUEST	107		vulnerability essentials	1646738114118	1646738115472	OK	 
REQUEST	99		vulnerability stats	1646738114112	1646738115487	OK	 
REQUEST	1		vr historical search (Mongo)	1646738114092	1646738115230	OK	 
USER	get vulnerabilities essentials (authorized)	107	END	1646738114109	1646738115486
USER	get rankings historical search (from Mongo)	1	END	1646738113977	1646738115492
REQUEST	6		vr historical search (ES)	1646738114093	1646738115293	OK	 
USER	get rankings historical search (from ES)	6	END	1646738114000	1646738115494
USER	get vulnerabilities statistics	99	END	1646738114106	1646738115494
REQUEST	95		vulnerability stats	1646738114111	1646738115495	OK	 
USER	get vulnerabilities statistics	95	END	1646738114099	1646738115498
REQUEST	103		vulnerability essentials	1646738114109	1646738115503	OK	 
USER	get vulnerabilities essentials (authorized)	103	END	1646738114108	1646738115510
REQUEST	111		vulnerability essentials	1646738114119	1646738115511	OK	 
REQUEST	24		info (Mongo)	1646738114106	1646738115439	OK	 
USER	get vulnerabilities essentials (authorized)	111	END	1646738114114	1646738115513
USER	get vulnerabilities info (authorized, from Mongo)	24	END	1646738114029	1646738115514
REQUEST	16		info details	1646738114138	1646738115514	OK	 
USER	get info details	16	END	1646738114014	1646738115530
REQUEST	63		rankings - CVE timeline	1646738114153	1646738115520	OK	 
USER	get rankings CVE timeline	63	END	1646738114035	1646738115535
REQUEST	96		vulnerability stats	1646738114111	1646738115531	OK	 
USER	get vulnerabilities statistics	96	END	1646738114099	1646738115536
REQUEST	35		cve metadata	1646738114193	1646738115535	OK	 
USER	get CVE metadata	35	END	1646738114030	1646738115542
REQUEST	59		rankings - CVE timeline	1646738114140	1646738115543	OK	 
USER	get rankings CVE timeline	59	END	1646738114034	1646738115554
REQUEST	131		info (ES)	1646738114228	1646738115560	OK	 
USER	get random vulnerabilities info (from ES)	131	END	1646738114121	1646738115561
REQUEST	90		info (ES)	1646738114101	1646738115505	OK	 
USER	get vulnerabilities info (authorized, from ES)	90	END	1646738114098	1646738115578
REQUEST	22		info (Mongo)	1646738114104	1646738115578	OK	 
USER	get vulnerabilities info (authorized, from Mongo)	22	END	1646738114027	1646738115597
REQUEST	62		rankings - CVE timeline	1646738114153	1646738115598	OK	 
USER	get rankings CVE timeline	62	END	1646738114035	1646738115610
REQUEST	14		info details	1646738114138	1646738115610	OK	 
USER	get info details	14	END	1646738114005	1646738115616
REQUEST	94		vulnerability stats	1646738114110	1646738115616	OK	 
USER	get vulnerabilities statistics	94	END	1646738114099	1646738115634
REQUEST	58		rankings - CVE timeline	1646738114155	1646738115634	OK	 
USER	get rankings CVE timeline	58	END	1646738114034	1646738115636
REQUEST	66		rankings - CVE timeline	1646738114154	1646738115637	OK	 
USER	get rankings CVE timeline	66	END	1646738114036	1646738115646
REQUEST	110		vulnerability essentials	1646738114119	1646738115648	OK	 
USER	get vulnerabilities essentials (authorized)	110	END	1646738114114	1646738115677
REQUEST	106		vulnerability essentials	1646738114118	1646738115678	OK	 
USER	get vulnerabilities essentials (authorized)	106	END	1646738114109	1646738115680
REQUEST	91		info (ES)	1646738114120	1646738115579	OK	 
USER	get vulnerabilities info (authorized, from ES)	91	END	1646738114098	1646738115688
REQUEST	98		vulnerability stats	1646738114120	1646738115681	OK	 
USER	get vulnerabilities statistics	98	END	1646738114099	1646738115696
REQUEST	102		vulnerability stats	1646738114113	1646738115697	OK	 
REQUEST	34		cve metadata	1646738114193	1646738115699	OK	 
USER	get vulnerabilities statistics	102	END	1646738114108	1646738115699
USER	get CVE metadata	34	END	1646738114030	1646738115700
REQUEST	30		cve metadata	1646738114135	1646738115700	OK	 
USER	get CVE metadata	30	END	1646738114030	1646738115701
REQUEST	92		info (ES)	1646738114101	1646738115537	OK	 
USER	get vulnerabilities info (authorized, from ES)	92	END	1646738114098	1646738115710
REQUEST	108		vulnerability essentials	1646738114155	1646738115711	OK	 
USER	get vulnerabilities essentials (authorized)	108	END	1646738114113	1646738115713
REQUEST	5		vr historical search (Mongo)	1646738114093	1646738115493	OK	 
USER	get rankings historical search (from Mongo)	5	END	1646738113982	1646738115715
REQUEST	61		rankings - CVE timeline	1646738114153	1646738115715	OK	 
REQUEST	18		info details	1646738114139	1646738115702	OK	 
USER	get info details	18	END	1646738114023	1646738115719
REQUEST	104		vulnerability essentials	1646738114109	1646738115713	OK	 
USER	get vulnerabilities essentials (authorized)	104	END	1646738114108	1646738115722
REQUEST	112		vulnerability essentials	1646738114119	1646738115723	OK	 
USER	get vulnerabilities essentials (authorized)	112	END	1646738114114	1646738115724
USER	get rankings CVE timeline	61	END	1646738114035	1646738115725
REQUEST	100		vulnerability stats	1646738114112	1646738115724	OK	 
USER	get vulnerabilities statistics	100	END	1646738114107	1646738115739
REQUEST	64		rankings - CVE timeline	1646738114154	1646738115739	OK	 
USER	get rankings CVE timeline	64	END	1646738114035	1646738115751
REQUEST	20		info details	1646738114139	1646738115752	OK	 
USER	get info details	20	END	1646738114025	1646738115760
REQUEST	124		info (ES)	1646738114225	1646738115765	OK	 
USER	get random vulnerabilities info (from ES)	124	END	1646738114119	1646738115766
REQUEST	46		CVEs by CyRating	1646738114132	1646738115735	OK	 
USER	get CVEs by CyRating	46	END	1646738114032	1646738115809
REQUEST	44		CVEs by CyRating	1646738114131	1646738115778	OK	 
REQUEST	7		vr historical search (ES)	1646738114094	1646738115706	OK	 
USER	get rankings historical search (from ES)	7	END	1646738114001	1646738115841
REQUEST	38		CVEs by CyRating	1646738114089	1646738115814	OK	 
USER	get CVEs by CyRating	38	END	1646738114031	1646738115845
USER	get CVEs by CyRating	44	END	1646738114032	1646738115850
REQUEST	9		vr historical search (ES)	1646738114094	1646738115725	OK	 
USER	get rankings historical search (from ES)	9	END	1646738114002	1646738115858
REQUEST	97		vulnerability stats	1646738114111	1646738115858	OK	 
REQUEST	101		vulnerability stats	1646738114112	1646738115874	OK	 
USER	get vulnerabilities statistics	97	END	1646738114099	1646738115874
USER	get vulnerabilities statistics	101	END	1646738114107	1646738115876
REQUEST	93		vulnerability stats	1646738114110	1646738115876	OK	 
USER	get vulnerabilities statistics	93	END	1646738114099	1646738115889
REQUEST	17		info details	1646738114139	1646738115889	OK	 
USER	get info details	17	END	1646738114023	1646738115911
REQUEST	105		vulnerability essentials	1646738114110	1646738115912	OK	 
USER	get vulnerabilities essentials (authorized)	105	END	1646738114109	1646738115914
REQUEST	40		CVEs by CyRating	1646738114130	1646738115850	OK	 
REQUEST	129		info (ES)	1646738114228	1646738115922	OK	 
USER	get random vulnerabilities info (from ES)	129	END	1646738114120	1646738115923
REQUEST	43		CVEs by CyRating	1646738114131	1646738115857	OK	 
USER	get CVEs by CyRating	43	END	1646738114032	1646738115927
REQUEST	109		vulnerability essentials	1646738114118	1646738115925	OK	 
USER	get CVEs by CyRating	40	END	1646738114031	1646738115929
USER	get vulnerabilities essentials (authorized)	109	END	1646738114113	1646738115930
REQUEST	42		CVEs by CyRating	1646738114131	1646738115845	OK	 
USER	get CVEs by CyRating	42	END	1646738114032	1646738115933
REQUEST	25		info (Mongo)	1646738114106	1646738115931	OK	 
USER	get vulnerabilities info (authorized, from Mongo)	25	END	1646738114029	1646738115945
REQUEST	65		rankings - CVE timeline	1646738114154	1646738115946	OK	 
USER	get rankings CVE timeline	65	END	1646738114036	1646738115948
REQUEST	39		CVEs by CyRating	1646738114130	1646738115932	OK	 
REQUEST	29		cve metadata	1646738114134	1646738115959	OK	 
USER	get CVE metadata	29	END	1646738114029	1646738115960
USER	get CVEs by CyRating	39	END	1646738114031	1646738115970
REQUEST	45		CVEs by CyRating	1646738114132	1646738115971	OK	 
USER	get CVEs by CyRating	45	END	1646738114032	1646738116018
REQUEST	88		info (ES)	1646738114100	1646738115935	OK	 
USER	get vulnerabilities info (authorized, from ES)	88	END	1646738114097	1646738116061
REQUEST	128		info (ES)	1646738114227	1646738116067	OK	 
USER	get random vulnerabilities info (from ES)	128	END	1646738114120	1646738116069
REQUEST	115		rankings - recent	1646738114117	1646738115976	OK	 
USER	get rankings recent	115	END	1646738114114	1646738116086
REQUEST	89		info (ES)	1646738114100	1646738116019	OK	 
USER	get vulnerabilities info (authorized, from ES)	89	END	1646738114098	1646738116099
REQUEST	41		CVEs by CyRating	1646738114130	1646738116100	OK	 
USER	get CVEs by CyRating	41	END	1646738114032	1646738116124
REQUEST	86		rankings - low base score	1646738114098	1646738115958	OK	 
USER	get rankings low base score	86	END	1646738114097	1646738116129
REQUEST	37		CVEs by CyRating	1646738114087	1646738116130	OK	 
USER	get CVEs by CyRating	37	END	1646738114031	1646738116186
REQUEST	119		rankings - recent	1646738114156	1646738116087	OK	 
REQUEST	125		info (ES)	1646738114268	1646738116188	OK	 
USER	get random vulnerabilities info (from ES)	125	END	1646738114120	1646738116201
USER	get rankings recent	119	END	1646738114115	1646738116213
REQUEST	123		info (ES)	1646738114219	1646738116214	OK	 
USER	get random vulnerabilities info (from ES)	123	END	1646738114117	1646738116215
REQUEST	82		rankings - low base score	1646738114097	1646738116131	OK	 
USER	get rankings low base score	82	END	1646738114095	1646738116236
REQUEST	80		rankings - low base score	1646738114096	1646738116073	OK	 
USER	get rankings low base score	80	END	1646738114093	1646738116238
REQUEST	121		rankings - recent	1646738114157	1646738116206	OK	 
USER	get rankings recent	121	END	1646738114116	1646738116353
REQUEST	78		rankings - low base score	1646738114095	1646738116237	OK	 
USER	get rankings low base score	78	END	1646738114067	1646738116356
REQUEST	84		rankings - low base score	1646738114097	1646738116251	OK	 
USER	get rankings low base score	84	END	1646738114096	1646738116367
REQUEST	120		rankings - recent	1646738114156	1646738116368	OK	 
USER	get rankings recent	120	END	1646738114116	1646738116520
REQUEST	87		rankings - low base score	1646738114098	1646738116216	OK	 
USER	get rankings low base score	87	END	1646738114097	1646738116592
REQUEST	85		rankings - low base score	1646738114098	1646738116365	OK	 
USER	get rankings low base score	85	END	1646738114097	1646738116645
REQUEST	116		rankings - recent	1646738114155	1646738116542	OK	 
USER	get rankings recent	116	END	1646738114115	1646738116651
REQUEST	132		info (ES)	1646738114229	1646738116656	OK	 
USER	get random vulnerabilities info (from ES)	132	END	1646738114121	1646738116671
REQUEST	113		rankings - recent	1646738114116	1646738116662	OK	 
USER	get rankings recent	113	END	1646738114114	1646738116732
REQUEST	83		rankings - low base score	1646738114097	1646738116593	OK	 
USER	get rankings low base score	83	END	1646738114096	1646738116753
REQUEST	67		info (Mongo)	1646738114216	1646738117018	OK	 
USER	get random vulnerabilities info (from Mongo)	67	END	1646738114036	1646738117020
REQUEST	75		info (Mongo)	1646738114326	1646738117073	OK	 
USER	get random vulnerabilities info (from Mongo)	75	END	1646738114053	1646738117074
REQUEST	72		info (Mongo)	1646738114231	1646738117101	OK	 
USER	get random vulnerabilities info (from Mongo)	72	END	1646738114052	1646738117102
REQUEST	71		info (Mongo)	1646738114230	1646738117249	OK	 
USER	get random vulnerabilities info (from Mongo)	71	END	1646738114037	1646738117251
REQUEST	69		info (Mongo)	1646738114217	1646738117327	OK	 
USER	get random vulnerabilities info (from Mongo)	69	END	1646738114037	1646738117327
REQUEST	68		info (Mongo)	1646738114216	1646738117452	OK	 
USER	get random vulnerabilities info (from Mongo)	68	END	1646738114036	1646738117453
REQUEST	130		info (ES)	1646738114227	1646738117620	OK	 
USER	get random vulnerabilities info (from ES)	130	END	1646738114121	1646738117621
REQUEST	126		info (ES)	1646738114225	1646738117672	OK	 
USER	get random vulnerabilities info (from ES)	126	END	1646738114120	1646738117673
REQUEST	117		rankings - recent	1646738114156	1646738117845	OK	 
USER	get rankings recent	117	END	1646738114115	1646738117862
REQUEST	118		rankings - recent	1646738114155	1646738118036	OK	 
USER	get rankings recent	118	END	1646738114115	1646738118051
REQUEST	114		rankings - recent	1646738114116	1646738118161	OK	 
USER	get rankings recent	114	END	1646738114114	1646738118169
REQUEST	122		rankings - recent	1646738114157	1646738118187	OK	 
USER	get rankings recent	122	END	1646738114116	1646738118206
REQUEST	79		rankings - low base score	1646738114096	1646738118602	OK	 
USER	get rankings low base score	79	END	1646738114093	1646738118631
REQUEST	81		rankings - low base score	1646738114115	1646738118629	OK	 
USER	get rankings low base score	81	END	1646738114095	1646738118659
REQUEST	56		rankings - top	1646738114166	1646738119057	OK	 
USER	get rankings top	56	END	1646738114034	1646738119190
REQUEST	48		rankings - top	1646738114158	1646738120295	OK	 
USER	get rankings top	48	END	1646738114033	1646738120424
REQUEST	76		info (Mongo)	1646738114326	1646738120578	OK	 
REQUEST	74		info (Mongo)	1646738114322	1646738120579	OK	 
REQUEST	73		info (Mongo)	1646738114308	1646738120579	OK	 
REQUEST	70		info (Mongo)	1646738114229	1646738120580	OK	 
USER	get random vulnerabilities info (from Mongo)	74	END	1646738114053	1646738120579
USER	get random vulnerabilities info (from Mongo)	73	END	1646738114052	1646738120579
USER	get random vulnerabilities info (from Mongo)	70	END	1646738114037	1646738120580
USER	get random vulnerabilities info (from Mongo)	76	END	1646738114053	1646738120582
REQUEST	55		rankings - top	1646738114165	1646738122070	OK	 
USER	get rankings top	55	END	1646738114034	1646738122164
REQUEST	47		rankings - top	1646738114157	1646738123258	OK	 
USER	get rankings top	47	END	1646738114032	1646738123357
REQUEST	49		rankings - top	1646738114158	1646738124449	OK	 
USER	get rankings top	49	END	1646738114033	1646738124590
REQUEST	51		rankings - top	1646738114159	1646738125521	OK	 
USER	get rankings top	51	END	1646738114033	1646738125669
REQUEST	54		rankings - top	1646738114165	1646738125631	OK	 
USER	get rankings top	54	END	1646738114034	1646738125760
REQUEST	53		rankings - top	1646738114159	1646738125745	OK	 
USER	get rankings top	53	END	1646738114034	1646738125861
REQUEST	50		rankings - top	1646738114158	1646738126278	OK	 
REQUEST	52		rankings - top	1646738114159	1646738126230	OK	 
USER	get rankings top	52	END	1646738114033	1646738126430
USER	get rankings top	50	END	1646738114033	1646738126431
